<?xml version="1.0" encoding="UTF-8"?>
<testsuite xmlns:xsi="http://www.w3.org/2001/XMLSchema-instance" xsi:noNamespaceSchemaLocation="https://maven.apache.org/surefire/maven-surefire-plugin/xsd/surefire-test-report-3.0.xsd" version="3.0" name="com.endava.calculator.CalculatorTest" time="0.16" tests="11" errors="0" skipped="0" failures="0">
  <properties>
    <property name="sun.desktop" value="windows"/>
    <property name="awt.toolkit" value="sun.awt.windows.WToolkit"/>
    <property name="java.specification.version" value="11"/>
    <property name="sun.cpu.isalist" value="amd64"/>
    <property name="sun.jnu.encoding" value="Cp1252"/>
    <property name="java.class.path" value="C:\Users\acuteanu\OneDrive - ENDAVA\Desktop\Work\IdeaProjects\mavenCalc\target\test-classes;C:\Users\acuteanu\OneDrive - ENDAVA\Desktop\Work\IdeaProjects\mavenCalc\target\classes;C:\Users\acuteanu\.m2\repository\commons-io\commons-io\2.11.0\commons-io-2.11.0.jar;C:\Users\acuteanu\.m2\repository\org\apache\commons\commons-lang3\3.12.0\commons-lang3-3.12.0.jar;C:\Users\acuteanu\.m2\repository\org\apache\logging\log4j\log4j-core\2.19.0\log4j-core-2.19.0.jar;C:\Users\acuteanu\.m2\repository\org\apache\logging\log4j\log4j-api\2.19.0\log4j-api-2.19.0.jar;C:\Users\acuteanu\.m2\repository\com\fasterxml\jackson\core\jackson-databind\2.13.4.2\jackson-databind-2.13.4.2.jar;C:\Users\acuteanu\.m2\repository\com\fasterxml\jackson\core\jackson-annotations\2.13.4\jackson-annotations-2.13.4.jar;C:\Users\acuteanu\.m2\repository\com\fasterxml\jackson\core\jackson-core\2.13.4\jackson-core-2.13.4.jar;C:\Users\acuteanu\.m2\repository\com\google\code\gson\gson\2.9.1\gson-2.9.1.jar;C:\Users\acuteanu\.m2\repository\commons-dbutils\commons-dbutils\1.7\commons-dbutils-1.7.jar;C:\Users\acuteanu\.m2\repository\com\mysql\mysql-connector-j\8.0.31\mysql-connector-j-8.0.31.jar;C:\Users\acuteanu\.m2\repository\com\google\protobuf\protobuf-java\3.19.4\protobuf-java-3.19.4.jar;C:\Users\acuteanu\.m2\repository\org\junit\jupiter\junit-jupiter-api\5.9.1\junit-jupiter-api-5.9.1.jar;C:\Users\acuteanu\.m2\repository\org\opentest4j\opentest4j\1.2.0\opentest4j-1.2.0.jar;C:\Users\acuteanu\.m2\repository\org\junit\platform\junit-platform-commons\1.9.1\junit-platform-commons-1.9.1.jar;C:\Users\acuteanu\.m2\repository\org\apiguardian\apiguardian-api\1.1.2\apiguardian-api-1.1.2.jar;C:\Users\acuteanu\.m2\repository\org\junit\jupiter\junit-jupiter-params\5.9.1\junit-jupiter-params-5.9.1.jar;"/>
    <property name="java.vm.vendor" value="Oracle Corporation"/>
    <property name="sun.arch.data.model" value="64"/>
    <property name="user.variant" value=""/>
    <property name="java.vendor.url" value="https://openjdk.java.net/"/>
    <property name="user.timezone" value="Europe/Athens"/>
    <property name="java.vm.specification.version" value="11"/>
    <property name="os.name" value="Windows 10"/>
    <property name="sun.java.launcher" value="SUN_STANDARD"/>
    <property name="user.country" value="US"/>
    <property name="sun.boot.library.path" value="C:\Program Files\Java\jdk-11.0.17\bin"/>
    <property name="sun.java.command" value="C:\Users\acuteanu\AppData\Local\Temp\surefire5510047452223859884\surefirebooter-20221101155151783_3.jar C:\Users\acuteanu\AppData\Local\Temp\surefire5510047452223859884 2022-11-01T15-51-51_516-jvmRun1 surefire-20221101155151783_1tmp surefire_0-20221101155151783_2tmp"/>
    <property name="jdk.debug" value="release"/>
    <property name="surefire.test.class.path" value="C:\Users\acuteanu\OneDrive - ENDAVA\Desktop\Work\IdeaProjects\mavenCalc\target\test-classes;C:\Users\acuteanu\OneDrive - ENDAVA\Desktop\Work\IdeaProjects\mavenCalc\target\classes;C:\Users\acuteanu\.m2\repository\commons-io\commons-io\2.11.0\commons-io-2.11.0.jar;C:\Users\acuteanu\.m2\repository\org\apache\commons\commons-lang3\3.12.0\commons-lang3-3.12.0.jar;C:\Users\acuteanu\.m2\repository\org\apache\logging\log4j\log4j-core\2.19.0\log4j-core-2.19.0.jar;C:\Users\acuteanu\.m2\repository\org\apache\logging\log4j\log4j-api\2.19.0\log4j-api-2.19.0.jar;C:\Users\acuteanu\.m2\repository\com\fasterxml\jackson\core\jackson-databind\2.13.4.2\jackson-databind-2.13.4.2.jar;C:\Users\acuteanu\.m2\repository\com\fasterxml\jackson\core\jackson-annotations\2.13.4\jackson-annotations-2.13.4.jar;C:\Users\acuteanu\.m2\repository\com\fasterxml\jackson\core\jackson-core\2.13.4\jackson-core-2.13.4.jar;C:\Users\acuteanu\.m2\repository\com\google\code\gson\gson\2.9.1\gson-2.9.1.jar;C:\Users\acuteanu\.m2\repository\commons-dbutils\commons-dbutils\1.7\commons-dbutils-1.7.jar;C:\Users\acuteanu\.m2\repository\com\mysql\mysql-connector-j\8.0.31\mysql-connector-j-8.0.31.jar;C:\Users\acuteanu\.m2\repository\com\google\protobuf\protobuf-java\3.19.4\protobuf-java-3.19.4.jar;C:\Users\acuteanu\.m2\repository\org\junit\jupiter\junit-jupiter-api\5.9.1\junit-jupiter-api-5.9.1.jar;C:\Users\acuteanu\.m2\repository\org\opentest4j\opentest4j\1.2.0\opentest4j-1.2.0.jar;C:\Users\acuteanu\.m2\repository\org\junit\platform\junit-platform-commons\1.9.1\junit-platform-commons-1.9.1.jar;C:\Users\acuteanu\.m2\repository\org\apiguardian\apiguardian-api\1.1.2\apiguardian-api-1.1.2.jar;C:\Users\acuteanu\.m2\repository\org\junit\jupiter\junit-jupiter-params\5.9.1\junit-jupiter-params-5.9.1.jar;"/>
    <property name="sun.cpu.endian" value="little"/>
    <property name="user.home" value="C:\Users\acuteanu"/>
    <property name="user.language" value="en"/>
    <property name="java.specification.vendor" value="Oracle Corporation"/>
    <property name="java.version.date" value="2022-10-18"/>
    <property name="java.home" value="C:\Program Files\Java\jdk-11.0.17"/>
    <property name="file.separator" value="\"/>
    <property name="basedir" value="C:\Users\acuteanu\OneDrive - ENDAVA\Desktop\Work\IdeaProjects\mavenCalc"/>
    <property name="java.vm.compressedOopsMode" value="Zero based"/>
    <property name="line.separator" value="&#10;"/>
    <property name="java.specification.name" value="Java Platform API Specification"/>
    <property name="java.vm.specification.vendor" value="Oracle Corporation"/>
    <property name="java.awt.graphicsenv" value="sun.awt.Win32GraphicsEnvironment"/>
    <property name="skipITs" value="true"/>
    <property name="surefire.real.class.path" value="C:\Users\acuteanu\AppData\Local\Temp\surefire5510047452223859884\surefirebooter-20221101155151783_3.jar"/>
    <property name="user.script" value=""/>
    <property name="sun.management.compiler" value="HotSpot 64-Bit Tiered Compilers"/>
    <property name="java.runtime.version" value="11.0.17+10-LTS-269"/>
    <property name="user.name" value="acuteanu"/>
    <property name="path.separator" value=";"/>
    <property name="os.version" value="10.0"/>
    <property name="java.runtime.name" value="Java(TM) SE Runtime Environment"/>
    <property name="file.encoding" value="Cp1252"/>
    <property name="java.vm.name" value="Java HotSpot(TM) 64-Bit Server VM"/>
    <property name="java.vendor.version" value="18.9"/>
    <property name="localRepository" value="C:\Users\acuteanu\.m2\repository"/>
    <property name="java.vendor.url.bug" value="https://bugreport.java.com/bugreport/"/>
    <property name="java.io.tmpdir" value="C:\Users\acuteanu\AppData\Local\Temp\"/>
    <property name="java.version" value="11.0.17"/>
    <property name="user.dir" value="C:\Users\acuteanu\OneDrive - ENDAVA\Desktop\Work\IdeaProjects\mavenCalc"/>
    <property name="os.arch" value="amd64"/>
    <property name="java.vm.specification.name" value="Java Virtual Machine Specification"/>
    <property name="java.awt.printerjob" value="sun.awt.windows.WPrinterJob"/>
    <property name="sun.os.patch.level" value=""/>
    <property name="java.library.path" value="C:\Program Files\Java\jdk-11.0.17\bin;C:\WINDOWS\Sun\Java\bin;C:\WINDOWS\system32;C:\WINDOWS;C:\WINDOWS\system32;C:\WINDOWS;C:\WINDOWS\System32\Wbem;C:\WINDOWS\System32\WindowsPowerShell\v1.0\;C:\WINDOWS\System32\OpenSSH\;C:\Program Files\dotnet\;C:\Program Files\Git\cmd;C:\Program Files\TortoiseGit\bin;C:\Users\acuteanu\AppData\Local\Microsoft\WindowsApps;C:\Program Files\JetBrains\IntelliJ IDEA Community Edition 2022.2.3\bin;;C:\Program Files\JetBrains\IntelliJ IDEA Community Edition 2022.2.3\plugins\maven\lib\maven3\bin;C:\Program Files\Java\jdk-11.0.17\bin;;."/>
    <property name="java.vendor" value="Oracle Corporation"/>
    <property name="java.vm.info" value="mixed mode"/>
    <property name="java.vm.version" value="11.0.17+10-LTS-269"/>
    <property name="sun.io.unicode.encoding" value="UnicodeLittle"/>
    <property name="java.class.version" value="55.0"/>
  </properties>
  <testcase name="shouldAddBigNumbers" classname="com.endava.calculator.CalculatorTest" time="0.018">
    <system-out><![CDATA[15:51:52.486 [main] INFO  com.endava.calculator.CalculatorTest - Before All
15:51:52.500 [main] INFO  com.endava.calculator.CalculatorTest - Before Each
15:51:52.502 [main] INFO  com.endava.extensions.TestReporterExtension - Starting test CalculatorTest/shouldAddBigNumbers()
15:51:52.503 [main] INFO  com.endava.calculator.CalculatorTest - -2147483648
15:51:52.504 [main] INFO  com.endava.extensions.TestReporterExtension - Finishing test CalculatorTest/shouldAddBigNumbers()
15:51:52.505 [main] INFO  com.endava.calculator.CalculatorTest - After Each  

]]></system-out>
  </testcase>
  <testcase name="shouldAddNumbersGivenOperand0(int, int)[1]" classname="com.endava.calculator.CalculatorTest" time="0.014">
    <system-out><![CDATA[15:51:52.526 [main] INFO  com.endava.calculator.CalculatorTest - Before Each
15:51:52.526 [main] INFO  com.endava.extensions.TestReporterExtension - Starting test CalculatorTest/[1] 0, 2
15:51:52.537 [main] INFO  com.endava.calculator.CalculatorTest - 2
15:51:52.538 [main] INFO  com.endava.extensions.TestReporterExtension - Finishing test CalculatorTest/[1] 0, 2
15:51:52.538 [main] INFO  com.endava.calculator.CalculatorTest - After Each  

]]></system-out>
  </testcase>
  <testcase name="shouldAddNumbersGivenOperand0(int, int)[2]" classname="com.endava.calculator.CalculatorTest" time="0.002">
    <system-out><![CDATA[15:51:52.543 [main] INFO  com.endava.calculator.CalculatorTest - Before Each
15:51:52.543 [main] INFO  com.endava.extensions.TestReporterExtension - Starting test CalculatorTest/[2] 2, 0
15:51:52.543 [main] INFO  com.endava.calculator.CalculatorTest - 2
15:51:52.544 [main] INFO  com.endava.extensions.TestReporterExtension - Finishing test CalculatorTest/[2] 2, 0
15:51:52.544 [main] INFO  com.endava.calculator.CalculatorTest - After Each  

]]></system-out>
  </testcase>
  <testcase name="shouldAddMoreOperands(Integer, Integer, Integer)[1]" classname="com.endava.calculator.CalculatorTest" time="0.002">
    <system-out><![CDATA[15:51:52.560 [main] INFO  com.endava.calculator.CalculatorTest - Before Each
15:51:52.560 [main] INFO  com.endava.extensions.TestReporterExtension - Starting test CalculatorTest/[1] 1, 2, 4
15:51:52.561 [main] INFO  com.endava.calculator.CalculatorTest - 7
15:51:52.561 [main] INFO  com.endava.extensions.TestReporterExtension - Finishing test CalculatorTest/[1] 1, 2, 4
15:51:52.561 [main] INFO  com.endava.calculator.CalculatorTest - After Each  

]]></system-out>
  </testcase>
  <testcase name="shouldAddMoreOperands(Integer, Integer, Integer)[2]" classname="com.endava.calculator.CalculatorTest" time="0.004">
    <system-out><![CDATA[15:51:52.564 [main] INFO  com.endava.calculator.CalculatorTest - Before Each
15:51:52.565 [main] INFO  com.endava.extensions.TestReporterExtension - Starting test CalculatorTest/[2] 2, 4, 5
15:51:52.565 [main] INFO  com.endava.calculator.CalculatorTest - 11
15:51:52.565 [main] INFO  com.endava.extensions.TestReporterExtension - Finishing test CalculatorTest/[2] 2, 4, 5
15:51:52.566 [main] INFO  com.endava.calculator.CalculatorTest - After Each  

]]></system-out>
  </testcase>
  <testcase name="shouldAddMoreOperands(Integer, Integer, Integer)[3]" classname="com.endava.calculator.CalculatorTest" time="0.002">
    <system-out><![CDATA[15:51:52.578 [main] INFO  com.endava.calculator.CalculatorTest - Before Each
15:51:52.579 [main] INFO  com.endava.extensions.TestReporterExtension - Starting test CalculatorTest/[3] 1, 2, 3
15:51:52.579 [main] INFO  com.endava.calculator.CalculatorTest - 6
15:51:52.579 [main] INFO  com.endava.extensions.TestReporterExtension - Finishing test CalculatorTest/[3] 1, 2, 3
15:51:52.579 [main] INFO  com.endava.calculator.CalculatorTest - After Each  

]]></system-out>
  </testcase>
  <testcase name="shouldAddMoreOperands(Integer, Integer, Integer)[4]" classname="com.endava.calculator.CalculatorTest" time="0.002">
    <system-out><![CDATA[15:51:52.618 [main] INFO  com.endava.calculator.CalculatorTest - Before Each
15:51:52.618 [main] INFO  com.endava.extensions.TestReporterExtension - Starting test CalculatorTest/[4] 2, 4, 5
15:51:52.618 [main] INFO  com.endava.calculator.CalculatorTest - 11
15:51:52.619 [main] INFO  com.endava.extensions.TestReporterExtension - Finishing test CalculatorTest/[4] 2, 4, 5
15:51:52.619 [main] INFO  com.endava.calculator.CalculatorTest - After Each  

]]></system-out>
  </testcase>
  <testcase name="shouldAddMoreOperands(Integer, Integer, Integer)[5]" classname="com.endava.calculator.CalculatorTest" time="0.002">
    <system-out><![CDATA[15:51:52.621 [main] INFO  com.endava.calculator.CalculatorTest - Before Each
15:51:52.621 [main] INFO  com.endava.extensions.TestReporterExtension - Starting test CalculatorTest/[5] 6, 7, 8
15:51:52.621 [main] INFO  com.endava.calculator.CalculatorTest - 21
15:51:52.622 [main] INFO  com.endava.extensions.TestReporterExtension - Finishing test CalculatorTest/[5] 6, 7, 8
15:51:52.622 [main] INFO  com.endava.calculator.CalculatorTest - After Each  

]]></system-out>
  </testcase>
  <testcase name="shouldAddNegativeNumbers" classname="com.endava.calculator.CalculatorTest" time="0">
    <system-out><![CDATA[15:51:52.623 [main] INFO  com.endava.calculator.CalculatorTest - Before Each
15:51:52.623 [main] INFO  com.endava.extensions.TestReporterExtension - Starting test CalculatorTest/shouldAddNegativeNumbers()
15:51:52.623 [main] INFO  com.endava.calculator.CalculatorTest - -6
15:51:52.623 [main] INFO  com.endava.extensions.TestReporterExtension - Finishing test CalculatorTest/shouldAddNegativeNumbers()
15:51:52.623 [main] INFO  com.endava.calculator.CalculatorTest - After Each  

]]></system-out>
  </testcase>
  <testcase name="shouldAddOneOperand" classname="com.endava.calculator.CalculatorTest" time="0.001">
    <system-out><![CDATA[15:51:52.624 [main] INFO  com.endava.calculator.CalculatorTest - Before Each
15:51:52.624 [main] INFO  com.endava.extensions.TestReporterExtension - Starting test CalculatorTest/shouldAddOneOperand()
15:51:52.625 [main] INFO  com.endava.calculator.CalculatorTest - 4
15:51:52.625 [main] INFO  com.endava.extensions.TestReporterExtension - Finishing test CalculatorTest/shouldAddOneOperand()
15:51:52.625 [main] INFO  com.endava.calculator.CalculatorTest - After Each  

]]></system-out>
  </testcase>
  <testcase name="shouldAddZeroOperand" classname="com.endava.calculator.CalculatorTest" time="0.002">
    <system-out><![CDATA[15:51:52.626 [main] INFO  com.endava.calculator.CalculatorTest - Before Each
15:51:52.626 [main] INFO  com.endava.extensions.TestReporterExtension - Starting test CalculatorTest/shouldAddZeroOperand()
15:51:52.626 [main] INFO  com.endava.calculator.CalculatorTest - 0
15:51:52.626 [main] INFO  com.endava.extensions.TestReporterExtension - Finishing test CalculatorTest/shouldAddZeroOperand()
15:51:52.626 [main] INFO  com.endava.calculator.CalculatorTest - After Each  

]]></system-out>
  </testcase>
</testsuite>