<?xml version="1.0" encoding="UTF-8"?>
<testsuite xmlns:xsi="http://www.w3.org/2001/XMLSchema-instance" xsi:noNamespaceSchemaLocation="https://maven.apache.org/surefire/maven-failsafe-plugin/xsd/failsafe-test-report-3.0.xsd" version="3.0" name="com.endava.calculator.CalculatorIT" time="0.083" tests="12" errors="0" skipped="0" failures="0">
  <properties>
    <property name="sun.desktop" value="windows"/>
    <property name="awt.toolkit" value="sun.awt.windows.WToolkit"/>
    <property name="java.specification.version" value="11"/>
    <property name="sun.cpu.isalist" value="amd64"/>
    <property name="sun.jnu.encoding" value="Cp1252"/>
    <property name="java.class.path" value="C:\Users\acuteanu\OneDrive - ENDAVA\Desktop\Work\IdeaProjects\mavenCalc\target\test-classes;C:\Users\acuteanu\OneDrive - ENDAVA\Desktop\Work\IdeaProjects\mavenCalc\target\mavenCalc-1.0-SNAPSHOT.jar;C:\Users\acuteanu\.m2\repository\commons-io\commons-io\2.11.0\commons-io-2.11.0.jar;C:\Users\acuteanu\.m2\repository\org\apache\commons\commons-lang3\3.12.0\commons-lang3-3.12.0.jar;C:\Users\acuteanu\.m2\repository\org\apache\logging\log4j\log4j-core\2.19.0\log4j-core-2.19.0.jar;C:\Users\acuteanu\.m2\repository\org\apache\logging\log4j\log4j-api\2.19.0\log4j-api-2.19.0.jar;C:\Users\acuteanu\.m2\repository\com\fasterxml\jackson\core\jackson-databind\2.13.4.2\jackson-databind-2.13.4.2.jar;C:\Users\acuteanu\.m2\repository\com\fasterxml\jackson\core\jackson-annotations\2.13.4\jackson-annotations-2.13.4.jar;C:\Users\acuteanu\.m2\repository\com\fasterxml\jackson\core\jackson-core\2.13.4\jackson-core-2.13.4.jar;C:\Users\acuteanu\.m2\repository\com\google\code\gson\gson\2.9.1\gson-2.9.1.jar;C:\Users\acuteanu\.m2\repository\commons-dbutils\commons-dbutils\1.7\commons-dbutils-1.7.jar;C:\Users\acuteanu\.m2\repository\com\mysql\mysql-connector-j\8.0.31\mysql-connector-j-8.0.31.jar;C:\Users\acuteanu\.m2\repository\com\google\protobuf\protobuf-java\3.19.4\protobuf-java-3.19.4.jar;C:\Users\acuteanu\.m2\repository\org\junit\jupiter\junit-jupiter-api\5.9.1\junit-jupiter-api-5.9.1.jar;C:\Users\acuteanu\.m2\repository\org\opentest4j\opentest4j\1.2.0\opentest4j-1.2.0.jar;C:\Users\acuteanu\.m2\repository\org\junit\platform\junit-platform-commons\1.9.1\junit-platform-commons-1.9.1.jar;C:\Users\acuteanu\.m2\repository\org\apiguardian\apiguardian-api\1.1.2\apiguardian-api-1.1.2.jar;C:\Users\acuteanu\.m2\repository\org\junit\jupiter\junit-jupiter-params\5.9.1\junit-jupiter-params-5.9.1.jar;"/>
    <property name="java.vm.vendor" value="Oracle Corporation"/>
    <property name="sun.arch.data.model" value="64"/>
    <property name="user.variant" value=""/>
    <property name="java.vendor.url" value="https://openjdk.java.net/"/>
    <property name="user.timezone" value="Europe/Athens"/>
    <property name="java.vm.specification.version" value="11"/>
    <property name="os.name" value="Windows 10"/>
    <property name="sun.java.launcher" value="SUN_STANDARD"/>
    <property name="user.country" value="US"/>
    <property name="sun.boot.library.path" value="C:\Program Files\Java\jdk-11.0.17\bin"/>
    <property name="sun.java.command" value="C:\Users\acuteanu\AppData\Local\Temp\surefire8113967413767745932\surefirebooter-20221101155127157_3.jar C:\Users\acuteanu\AppData\Local\Temp\surefire8113967413767745932 2022-11-01T15-51-26_974-jvmRun1 surefire-20221101155127157_1tmp surefire_0-20221101155127157_2tmp"/>
    <property name="jdk.debug" value="release"/>
    <property name="surefire.test.class.path" value="C:\Users\acuteanu\OneDrive - ENDAVA\Desktop\Work\IdeaProjects\mavenCalc\target\test-classes;C:\Users\acuteanu\OneDrive - ENDAVA\Desktop\Work\IdeaProjects\mavenCalc\target\mavenCalc-1.0-SNAPSHOT.jar;C:\Users\acuteanu\.m2\repository\commons-io\commons-io\2.11.0\commons-io-2.11.0.jar;C:\Users\acuteanu\.m2\repository\org\apache\commons\commons-lang3\3.12.0\commons-lang3-3.12.0.jar;C:\Users\acuteanu\.m2\repository\org\apache\logging\log4j\log4j-core\2.19.0\log4j-core-2.19.0.jar;C:\Users\acuteanu\.m2\repository\org\apache\logging\log4j\log4j-api\2.19.0\log4j-api-2.19.0.jar;C:\Users\acuteanu\.m2\repository\com\fasterxml\jackson\core\jackson-databind\2.13.4.2\jackson-databind-2.13.4.2.jar;C:\Users\acuteanu\.m2\repository\com\fasterxml\jackson\core\jackson-annotations\2.13.4\jackson-annotations-2.13.4.jar;C:\Users\acuteanu\.m2\repository\com\fasterxml\jackson\core\jackson-core\2.13.4\jackson-core-2.13.4.jar;C:\Users\acuteanu\.m2\repository\com\google\code\gson\gson\2.9.1\gson-2.9.1.jar;C:\Users\acuteanu\.m2\repository\commons-dbutils\commons-dbutils\1.7\commons-dbutils-1.7.jar;C:\Users\acuteanu\.m2\repository\com\mysql\mysql-connector-j\8.0.31\mysql-connector-j-8.0.31.jar;C:\Users\acuteanu\.m2\repository\com\google\protobuf\protobuf-java\3.19.4\protobuf-java-3.19.4.jar;C:\Users\acuteanu\.m2\repository\org\junit\jupiter\junit-jupiter-api\5.9.1\junit-jupiter-api-5.9.1.jar;C:\Users\acuteanu\.m2\repository\org\opentest4j\opentest4j\1.2.0\opentest4j-1.2.0.jar;C:\Users\acuteanu\.m2\repository\org\junit\platform\junit-platform-commons\1.9.1\junit-platform-commons-1.9.1.jar;C:\Users\acuteanu\.m2\repository\org\apiguardian\apiguardian-api\1.1.2\apiguardian-api-1.1.2.jar;C:\Users\acuteanu\.m2\repository\org\junit\jupiter\junit-jupiter-params\5.9.1\junit-jupiter-params-5.9.1.jar;"/>
    <property name="sun.cpu.endian" value="little"/>
    <property name="user.home" value="C:\Users\acuteanu"/>
    <property name="user.language" value="en"/>
    <property name="java.specification.vendor" value="Oracle Corporation"/>
    <property name="java.version.date" value="2022-10-18"/>
    <property name="java.home" value="C:\Program Files\Java\jdk-11.0.17"/>
    <property name="file.separator" value="\"/>
    <property name="basedir" value="C:\Users\acuteanu\OneDrive - ENDAVA\Desktop\Work\IdeaProjects\mavenCalc"/>
    <property name="java.vm.compressedOopsMode" value="Zero based"/>
    <property name="line.separator" value="&#10;"/>
    <property name="java.specification.name" value="Java Platform API Specification"/>
    <property name="java.vm.specification.vendor" value="Oracle Corporation"/>
    <property name="java.awt.graphicsenv" value="sun.awt.Win32GraphicsEnvironment"/>
    <property name="skipITs" value="true"/>
    <property name="surefire.real.class.path" value="C:\Users\acuteanu\AppData\Local\Temp\surefire8113967413767745932\surefirebooter-20221101155127157_3.jar"/>
    <property name="user.script" value=""/>
    <property name="sun.management.compiler" value="HotSpot 64-Bit Tiered Compilers"/>
    <property name="java.runtime.version" value="11.0.17+10-LTS-269"/>
    <property name="user.name" value="acuteanu"/>
    <property name="path.separator" value=";"/>
    <property name="os.version" value="10.0"/>
    <property name="java.runtime.name" value="Java(TM) SE Runtime Environment"/>
    <property name="file.encoding" value="Cp1252"/>
    <property name="java.vm.name" value="Java HotSpot(TM) 64-Bit Server VM"/>
    <property name="java.vendor.version" value="18.9"/>
    <property name="localRepository" value="C:\Users\acuteanu\.m2\repository"/>
    <property name="java.vendor.url.bug" value="https://bugreport.java.com/bugreport/"/>
    <property name="java.io.tmpdir" value="C:\Users\acuteanu\AppData\Local\Temp\"/>
    <property name="java.version" value="11.0.17"/>
    <property name="user.dir" value="C:\Users\acuteanu\OneDrive - ENDAVA\Desktop\Work\IdeaProjects\mavenCalc"/>
    <property name="os.arch" value="amd64"/>
    <property name="java.vm.specification.name" value="Java Virtual Machine Specification"/>
    <property name="java.awt.printerjob" value="sun.awt.windows.WPrinterJob"/>
    <property name="sun.os.patch.level" value=""/>
    <property name="java.library.path" value="C:\Program Files\Java\jdk-11.0.17\bin;C:\WINDOWS\Sun\Java\bin;C:\WINDOWS\system32;C:\WINDOWS;C:\WINDOWS\system32;C:\WINDOWS;C:\WINDOWS\System32\Wbem;C:\WINDOWS\System32\WindowsPowerShell\v1.0\;C:\WINDOWS\System32\OpenSSH\;C:\Program Files\dotnet\;C:\Program Files\Git\cmd;C:\Program Files\TortoiseGit\bin;C:\Users\acuteanu\AppData\Local\Microsoft\WindowsApps;C:\Program Files\JetBrains\IntelliJ IDEA Community Edition 2022.2.3\bin;;C:\Program Files\JetBrains\IntelliJ IDEA Community Edition 2022.2.3\plugins\maven\lib\maven3\bin;C:\Program Files\Java\jdk-11.0.17\bin;;."/>
    <property name="java.vendor" value="Oracle Corporation"/>
    <property name="java.vm.info" value="mixed mode"/>
    <property name="java.vm.version" value="11.0.17+10-LTS-269"/>
    <property name="sun.io.unicode.encoding" value="UnicodeLittle"/>
    <property name="java.class.version" value="55.0"/>
  </properties>
  <testcase name="shouldMultiplyNoOperands" classname="com.endava.calculator.CalculatorIT" time="0.013">
    <system-out><![CDATA[15:51:27.830 [main] INFO  com.endava.calculator.CalculatorIT - Before All
15:51:27.842 [main] INFO  com.endava.calculator.CalculatorIT - Before Each
15:51:27.844 [main] INFO  com.endava.extensions.TestReporterExtension - Starting test CalculatorIT/shouldMultiplyNoOperands()
15:51:27.845 [main] INFO  com.endava.calculator.CalculatorIT - 1.0
15:51:27.845 [main] INFO  com.endava.extensions.TestReporterExtension - Finishing test CalculatorIT/shouldMultiplyNoOperands()
15:51:27.846 [main] INFO  com.endava.calculator.CalculatorIT - After Each  

]]></system-out>
  </testcase>
  <testcase name="shouldMultiplyWith0(int, int)[1]" classname="com.endava.calculator.CalculatorIT" time="0.012">
    <system-out><![CDATA[15:51:27.864 [main] INFO  com.endava.calculator.CalculatorIT - Before Each
15:51:27.864 [main] INFO  com.endava.extensions.TestReporterExtension - Starting test CalculatorIT/[1] 0, 2
15:51:27.874 [main] INFO  com.endava.calculator.CalculatorIT - 0.0
15:51:27.875 [main] INFO  com.endava.extensions.TestReporterExtension - Finishing test CalculatorIT/[1] 0, 2
15:51:27.875 [main] INFO  com.endava.calculator.CalculatorIT - After Each  

]]></system-out>
  </testcase>
  <testcase name="shouldMultiplyWith0(int, int)[2]" classname="com.endava.calculator.CalculatorIT" time="0.002">
    <system-out><![CDATA[15:51:27.879 [main] INFO  com.endava.calculator.CalculatorIT - Before Each
15:51:27.879 [main] INFO  com.endava.extensions.TestReporterExtension - Starting test CalculatorIT/[2] 2, 0
15:51:27.879 [main] INFO  com.endava.calculator.CalculatorIT - 0.0
15:51:27.880 [main] INFO  com.endava.extensions.TestReporterExtension - Finishing test CalculatorIT/[2] 2, 0
15:51:27.880 [main] INFO  com.endava.calculator.CalculatorIT - After Each  

]]></system-out>
  </testcase>
  <testcase name="shouldFactForNegativeNumber" classname="com.endava.calculator.CalculatorIT" time="0.001">
    <system-out><![CDATA[15:51:27.881 [main] INFO  com.endava.calculator.CalculatorIT - Before Each
15:51:27.882 [main] INFO  com.endava.extensions.TestReporterExtension - Starting test CalculatorIT/shouldFactForNegativeNumber()
15:51:27.882 [main] INFO  com.endava.calculator.CalculatorIT - 1.0
15:51:27.882 [main] INFO  com.endava.extensions.TestReporterExtension - Finishing test CalculatorIT/shouldFactForNegativeNumber()
15:51:27.882 [main] INFO  com.endava.calculator.CalculatorIT - After Each  

]]></system-out>
  </testcase>
  <testcase name="shouldPowWithGivenNumbers" classname="com.endava.calculator.CalculatorIT" time="0.003">
    <system-out><![CDATA[15:51:27.883 [main] INFO  com.endava.calculator.CalculatorIT - Before Each
15:51:27.883 [main] INFO  com.endava.extensions.TestReporterExtension - Starting test CalculatorIT/shouldPowWithGivenNumbers()
15:51:27.885 [main] INFO  com.endava.calculator.CalculatorIT - 256.0
15:51:27.885 [main] INFO  com.endava.extensions.TestReporterExtension - Finishing test CalculatorIT/shouldPowWithGivenNumbers()
15:51:27.885 [main] INFO  com.endava.calculator.CalculatorIT - After Each  

]]></system-out>
  </testcase>
  <testcase name="shouldMultiplyWithNegativeNumbers" classname="com.endava.calculator.CalculatorIT" time="0.001">
    <system-out><![CDATA[15:51:27.886 [main] INFO  com.endava.calculator.CalculatorIT - Before Each
15:51:27.886 [main] INFO  com.endava.extensions.TestReporterExtension - Starting test CalculatorIT/shouldMultiplyWithNegativeNumbers()
15:51:27.886 [main] INFO  com.endava.calculator.CalculatorIT - 69.0
15:51:27.886 [main] INFO  com.endava.extensions.TestReporterExtension - Finishing test CalculatorIT/shouldMultiplyWithNegativeNumbers()
15:51:27.887 [main] INFO  com.endava.calculator.CalculatorIT - After Each  

]]></system-out>
  </testcase>
  <testcase name="shouldPowWith0(int, int)[1]" classname="com.endava.calculator.CalculatorIT" time="0.001">
    <system-out><![CDATA[15:51:27.888 [main] INFO  com.endava.calculator.CalculatorIT - Before Each
15:51:27.889 [main] INFO  com.endava.extensions.TestReporterExtension - Starting test CalculatorIT/[1] 0, 2
15:51:27.889 [main] INFO  com.endava.calculator.CalculatorIT - 0.0
15:51:27.889 [main] INFO  com.endava.extensions.TestReporterExtension - Finishing test CalculatorIT/[1] 0, 2
15:51:27.889 [main] INFO  com.endava.calculator.CalculatorIT - After Each  

]]></system-out>
  </testcase>
  <testcase name="shouldPowWith0(int, int)[2]" classname="com.endava.calculator.CalculatorIT" time="0.002">
    <system-out><![CDATA[15:51:27.890 [main] INFO  com.endava.calculator.CalculatorIT - Before Each
15:51:27.891 [main] INFO  com.endava.extensions.TestReporterExtension - Starting test CalculatorIT/[2] 2, 0
15:51:27.891 [main] INFO  com.endava.calculator.CalculatorIT - 1.0
15:51:27.891 [main] INFO  com.endava.extensions.TestReporterExtension - Finishing test CalculatorIT/[2] 2, 0
15:51:27.891 [main] INFO  com.endava.calculator.CalculatorIT - After Each  

]]></system-out>
  </testcase>
  <testcase name="shouldFactForGivenOperand" classname="com.endava.calculator.CalculatorIT" time="0.001">
    <system-out><![CDATA[15:51:27.892 [main] INFO  com.endava.calculator.CalculatorIT - Before Each
15:51:27.892 [main] INFO  com.endava.extensions.TestReporterExtension - Starting test CalculatorIT/shouldFactForGivenOperand()
15:51:27.893 [main] INFO  com.endava.calculator.CalculatorIT - 40320
15:51:27.893 [main] INFO  com.endava.extensions.TestReporterExtension - Finishing test CalculatorIT/shouldFactForGivenOperand()
15:51:27.893 [main] INFO  com.endava.calculator.CalculatorIT - After Each  

]]></system-out>
  </testcase>
  <testcase name="shouldPowWithNegativeNumbers" classname="com.endava.calculator.CalculatorIT" time="0.001">
    <system-out><![CDATA[15:51:27.894 [main] INFO  com.endava.calculator.CalculatorIT - Before Each
15:51:27.894 [main] INFO  com.endava.extensions.TestReporterExtension - Starting test CalculatorIT/shouldPowWithNegativeNumbers()
15:51:27.894 [main] INFO  com.endava.calculator.CalculatorIT - -0.0
15:51:27.894 [main] INFO  com.endava.extensions.TestReporterExtension - Finishing test CalculatorIT/shouldPowWithNegativeNumbers()
15:51:27.895 [main] INFO  com.endava.calculator.CalculatorIT - After Each  

]]></system-out>
  </testcase>
  <testcase name="shouldMultiplyOneOperand" classname="com.endava.calculator.CalculatorIT" time="0.001">
    <system-out><![CDATA[15:51:27.895 [main] INFO  com.endava.calculator.CalculatorIT - Before Each
15:51:27.895 [main] INFO  com.endava.extensions.TestReporterExtension - Starting test CalculatorIT/shouldMultiplyOneOperand()
15:51:27.896 [main] INFO  com.endava.calculator.CalculatorIT - 3.0
15:51:27.896 [main] INFO  com.endava.extensions.TestReporterExtension - Finishing test CalculatorIT/shouldMultiplyOneOperand()
15:51:27.896 [main] INFO  com.endava.calculator.CalculatorIT - After Each  

]]></system-out>
  </testcase>
  <testcase name="shouldFactForOperand0" classname="com.endava.calculator.CalculatorIT" time="0.001">
    <system-out><![CDATA[15:51:27.897 [main] INFO  com.endava.calculator.CalculatorIT - Before Each
15:51:27.897 [main] INFO  com.endava.extensions.TestReporterExtension - Starting test CalculatorIT/shouldFactForOperand0()
15:51:27.897 [main] INFO  com.endava.calculator.CalculatorIT - 1
15:51:27.897 [main] INFO  com.endava.extensions.TestReporterExtension - Finishing test CalculatorIT/shouldFactForOperand0()
15:51:27.897 [main] INFO  com.endava.calculator.CalculatorIT - After Each  

]]></system-out>
  </testcase>
</testsuite>